<?xml version="1.0" encoding="UTF-8"?>
<!-- Generated by org.testng.reporters.JUnitReportReporter -->
<testsuite hostname="Mohsins-MacBook-Air.local" failures="0" tests="2" name="Academy.HomePage" time="15.329" errors="0" timestamp="16 Oct 2020 20:54:35 GMT" skipped="0">
  <testcase classname="Academy.HomePage" name="basePage" time="7.317"/>
  <testcase classname="Academy.HomePage" name="basePage" time="8.012"/>
</testsuite> <!-- Academy.HomePage -->
