<?xml version="1.0" encoding="UTF-8"?>
<!-- Generated by org.testng.reporters.JUnitReportReporter -->
<testsuite hostname="Mohsins-MacBook-Air.local" failures="0" tests="1" name="Academy.validateTitle" time="4.569" errors="0" timestamp="16 Oct 2020 20:16:07 GMT" skipped="0">
  <testcase classname="Academy.validateTitle" name="basePage" time="4.569"/>
</testsuite> <!-- Academy.validateTitle -->
